Using pre-set license
Built from '2022.3/staging' branch; Version is '2022.3.10f1 (ff3792e53c62) revision 16725906'; Using compiler version '192829333'; Build Type 'Release'
OS: 'Windows 11  (10.0.26120) 64bit Enterprise' Language: 'zh' Physical Memory: 32601 MB
BatchMode: 1, IsHumanControllingUs: 0, StartBugReporterOnCrash: 0, Is64bit: 1, IsPro: 1

COMMAND LINE ARGUMENTS:
C:\Program Files\Unity\Hub\Editor\2022.3.10f1\Editor\Unity.exe
-adb2
-batchMode
-noUpm
-name
AssetImportWorker0
-projectPath
C:/Users/zhang927/Documents/Unity/AntiRadiationMissileSimulator
-logFile
Logs/AssetImportWorker0.log
-srvPort
60179
Successfully changed project path to: C:/Users/zhang927/Documents/Unity/AntiRadiationMissileSimulator
C:/Users/zhang927/Documents/Unity/AntiRadiationMissileSimulator
[UnityMemory] Configuration Parameters - Can be set up in boot.config
    "memorysetup-bucket-allocator-granularity=16"
    "memorysetup-bucket-allocator-bucket-count=8"
    "memorysetup-bucket-allocator-block-size=33554432"
    "memorysetup-bucket-allocator-block-count=8"
    "memorysetup-main-allocator-block-size=16777216"
    "memorysetup-thread-allocator-block-size=16777216"
    "memorysetup-gfx-main-allocator-block-size=16777216"
    "memorysetup-gfx-thread-allocator-block-size=16777216"
    "memorysetup-cache-allocator-block-size=4194304"
    "memorysetup-typetree-allocator-block-size=2097152"
    "memorysetup-profiler-bucket-allocator-granularity=16"
    "memorysetup-profiler-bucket-allocator-bucket-count=8"
    "memorysetup-profiler-bucket-allocator-block-size=33554432"
    "memorysetup-profiler-bucket-allocator-block-count=8"
    "memorysetup-profiler-allocator-block-size=16777216"
    "memorysetup-profiler-editor-allocator-block-size=1048576"
    "memorysetup-temp-allocator-size-main=16777216"
    "memorysetup-job-temp-allocator-block-size=2097152"
    "memorysetup-job-temp-allocator-block-size-background=1048576"
    "memorysetup-job-temp-allocator-reduction-small-platforms=262144"
    "memorysetup-allocator-temp-initial-block-size-main=262144"
    "memorysetup-allocator-temp-initial-block-size-worker=262144"
    "memorysetup-temp-allocator-size-background-worker=32768"
    "memorysetup-temp-allocator-size-job-worker=262144"
    "memorysetup-temp-allocator-size-preload-manager=33554432"
    "memorysetup-temp-allocator-size-nav-mesh-worker=65536"
    "memorysetup-temp-allocator-size-audio-worker=65536"
    "memorysetup-temp-allocator-size-cloud-worker=32768"
    "memorysetup-temp-allocator-size-gi-baking-worker=262144"
    "memorysetup-temp-allocator-size-gfx=262144"
Player connection [31676] Host "[IP] 134.53.96.14 [Port] 0 [Flags] 2 [Guid] 2250452698 [EditorId] 2250452698 [Version] 1048832 [Id] WindowsEditor(7,Highwind) [Debug] 1 [PackageName] WindowsEditor [ProjectName] Editor" joined multi-casting on [225.0.0.222:54997]...

Player connection [31676] Host "[IP] 134.53.96.14 [Port] 0 [Flags] 2 [Guid] 2250452698 [EditorId] 2250452698 [Version] 1048832 [Id] WindowsEditor(7,Highwind) [Debug] 1 [PackageName] WindowsEditor [ProjectName] Editor" joined alternative multi-casting on [225.0.0.222:34997]...

[Physics::Module] Initialized MultithreadedJobDispatcher with 19 workers.
Refreshing native plugins compatible for Editor in 14.01 ms, found 3 plugins.
Preloading 0 native plugins for Editor in 0.00 ms.
Initialize engine version: 2022.3.10f1 (ff3792e53c62)
[Subsystems] Discovering subsystems at path C:/Program Files/Unity/Hub/Editor/2022.3.10f1/Editor/Data/Resources/UnitySubsystems
[Subsystems] Discovering subsystems at path C:/Users/zhang927/Documents/Unity/AntiRadiationMissileSimulator/Assets
GfxDevice: creating device client; threaded=0; jobified=0
Direct3D:
    Version:  Direct3D 11.0 [level 11.1]
    Renderer: NVIDIA GeForce RTX 3090 (ID=0x2204)
    Vendor:   NVIDIA
    VRAM:     24326 MB
    Driver:   32.0.15.6109
Initialize mono
Mono path[0] = 'C:/Program Files/Unity/Hub/Editor/2022.3.10f1/Editor/Data/Managed'
Mono path[1] = 'C:/Program Files/Unity/Hub/Editor/2022.3.10f1/Editor/Data/MonoBleedingEdge/lib/mono/unityjit-win32'
Mono config path = 'C:/Program Files/Unity/Hub/Editor/2022.3.10f1/Editor/Data/MonoBleedingEdge/etc'
Using monoOptions --debugger-agent=transport=dt_socket,embedding=1,server=y,suspend=n,address=127.0.0.1:56784
Begin MonoManager ReloadAssembly
Registering precompiled unity dll's ...
Register platform support module: C:/Program Files/Unity/Hub/Editor/2022.3.10f1/Editor/Data/PlaybackEngines/WindowsStandaloneSupport/UnityEditor.WindowsStandalone.Extensions.dll
Registered in 0.009631 seconds.
- Loaded All Assemblies, in  0.351 seconds
Native extension for WindowsStandalone target not found
Mono: successfully reloaded assembly
- Finished resetting the current domain, in  0.239 seconds
Domain Reload Profiling: 587ms
	BeginReloadAssembly (116ms)
		ExecutionOrderSort (0ms)
		DisableScriptedObjects (0ms)
		BackupInstance (0ms)
		ReleaseScriptingObjects (0ms)
		CreateAndSetChildDomain (1ms)
	RebuildCommonClasses (33ms)
	RebuildNativeTypeToScriptingClass (9ms)
	initialDomainReloadingComplete (60ms)
	LoadAllAssembliesAndSetupDomain (129ms)
		LoadAssemblies (112ms)
		RebuildTransferFunctionScriptingTraits (0ms)
		AnalyzeDomain (127ms)
			TypeCache.Refresh (126ms)
				TypeCache.ScanAssembly (112ms)
			ScanForSourceGeneratedMonoScriptInfo (0ms)
			ResolveRequiredComponents (1ms)
	FinalizeReload (239ms)
		ReleaseScriptCaches (0ms)
		RebuildScriptCaches (0ms)
		SetupLoadedEditorAssemblies (184ms)
			LogAssemblyErrors (0ms)
			InitializePlatformSupportModulesInManaged (10ms)
			SetLoadedEditorAssemblies (7ms)
			RefreshPlugins (0ms)
			BeforeProcessingInitializeOnLoad (2ms)
			ProcessInitializeOnLoadAttributes (118ms)
			ProcessInitializeOnLoadMethodAttributes (48ms)
			AfterProcessingInitializeOnLoad (0ms)
			EditorAssembliesLoaded (0ms)
		ExecutionOrderSort2 (0ms)
		AwakeInstancesAfterBackupRestoration (0ms)
========================================================================
Worker process is ready to serve import requests
Begin MonoManager ReloadAssembly
- Loaded All Assemblies, in  0.621 seconds
Refreshing native plugins compatible for Editor in 4.01 ms, found 3 plugins.
Native extension for WindowsStandalone target not found
Package Manager log level set to [2]
[Package Manager] Server::EnsureServerProcessIsRunning -- launch failed, reason: Unity was launched with the -noUpm command-line argument
[Package Manager] UpmClient::Send -- Unable to send message (not connected to UPM process).
[Package Manager] Cannot connect to Unity Package Manager local server
Mono: successfully reloaded assembly
- Finished resetting the current domain, in  0.730 seconds
Domain Reload Profiling: 1347ms
	BeginReloadAssembly (149ms)
		ExecutionOrderSort (0ms)
		DisableScriptedObjects (6ms)
		BackupInstance (0ms)
		ReleaseScriptingObjects (0ms)
		CreateAndSetChildDomain (20ms)
	RebuildCommonClasses (31ms)
	RebuildNativeTypeToScriptingClass (9ms)
	initialDomainReloadingComplete (41ms)
	LoadAllAssembliesAndSetupDomain (386ms)
		LoadAssemblies (308ms)
		RebuildTransferFunctionScriptingTraits (0ms)
		AnalyzeDomain (168ms)
			TypeCache.Refresh (150ms)
				TypeCache.ScanAssembly (134ms)
			ScanForSourceGeneratedMonoScriptInfo (13ms)
			ResolveRequiredComponents (4ms)
	FinalizeReload (730ms)
		ReleaseScriptCaches (0ms)
		RebuildScriptCaches (0ms)
		SetupLoadedEditorAssemblies (595ms)
			LogAssemblyErrors (0ms)
			InitializePlatformSupportModulesInManaged (6ms)
			SetLoadedEditorAssemblies (3ms)
			RefreshPlugins (0ms)
			BeforeProcessingInitializeOnLoad (57ms)
			ProcessInitializeOnLoadAttributes (499ms)
			ProcessInitializeOnLoadMethodAttributes (18ms)
			AfterProcessingInitializeOnLoad (11ms)
			EditorAssembliesLoaded (0ms)
		ExecutionOrderSort2 (0ms)
		AwakeInstancesAfterBackupRestoration (8ms)
Launched and connected shader compiler UnityShaderCompiler.exe after 0.06 seconds
Refreshing native plugins compatible for Editor in 8.21 ms, found 3 plugins.
Preloading 0 native plugins for Editor in 0.00 ms.
Unloading 3089 Unused Serialized files (Serialized files now loaded: 0)
Unloading 31 unused Assets / (56.9 KB). Loaded Objects now: 3569.
Memory consumption went from 125.1 MB to 125.0 MB.
Total: 9.158700 ms (FindLiveObjects: 2.112900 ms CreateObjectMapping: 1.170400 ms MarkObjects: 5.710800 ms  DeleteObjects: 0.163100 ms)

AssetImportParameters requested are different than current active one (requested -> active):
  custom:container-demuxer-ogg: 62fdf1f143b41e24485cea50d1cbac27 -> 
  custom:video-codec-MediaFoundation-h265: e54d7ab0439102e2317fc1e4b246158d -> 
  custom:video-decoder-ogg-theora: a1e56fd34408186e4bbccfd4996cb3dc -> 
  custom:framework-win-MediaFoundation: 216162199b28c13a410421893ffa2e32 -> 
  custom:CustomObjectIndexerAttribute: 756ad292c208cfabdd7b50bc23989ffe -> 
  custom:container-demuxer-webm: 4f35f7cbe854078d1ac9338744f61a02 -> 
  custom:container-muxer-webm: aa71ff27fc2769a1b78a27578f13a17b -> 
  custom:video-decoder-webm-vp8: 9c59270c3fd7afecdb556c50c9e8de78 -> 
  custom:SearchIndexIgnoredProperties: e643bd26f0fe6173181afceb89e7c659 -> 
  custom:AudioImporter_EditorPlatform: d09bf68614088b80899f8185d706f6e7 -> 
  custom:video-encoder-webm-vp8: eb34c28f22e8b96e1ab97ce403110664 -> 
  custom:audio-decoder-ogg-vorbis: bf7c407c2cedff20999df2af8eb42d56 -> 
  custom:audio-encoder-webm-vorbis: bf7c407c2cedff20999df2af8eb42d56 -> 
========================================================================
Received Import Request.
  Time since last request: 198799.901137 seconds.
  path: Assets/NewLayer 1.terrainlayer
  artifactKey: Guid(047b71371196031419a9a97f3eced0a4) Importer(815301076,1909f56bfc062723c751e8b465ee728b)
Start importing Assets/NewLayer 1.terrainlayer using Guid(047b71371196031419a9a97f3eced0a4) Importer(815301076,1909f56bfc062723c751e8b465ee728b)  -> (artifact id: 'bf114e20ecd3a544907b553989c308e2') in 0.048015 seconds
Number of updated asset objects reloaded before import = 0
Number of asset objects unloaded after import = 1
========================================================================
Received Import Request.
  Time since last request: 0.000019 seconds.
  path: Assets/NewLayer 2.terrainlayer
  artifactKey: Guid(e5f209c8d7fe81940915edd6332d018b) Importer(815301076,1909f56bfc062723c751e8b465ee728b)
Start importing Assets/NewLayer 2.terrainlayer using Guid(e5f209c8d7fe81940915edd6332d018b) Importer(815301076,1909f56bfc062723c751e8b465ee728b)  -> (artifact id: 'd759fbeca8b209a6f4fd2e816b53b36f') in 0.026356 seconds
Number of updated asset objects reloaded before import = 0
Number of asset objects unloaded after import = 2
========================================================================
Received Import Request.
  Time since last request: 0.000014 seconds.
  path: Assets/New Terrain.asset
  artifactKey: Guid(a6429c296b6cedc4aaeef232a0c9237a) Importer(815301076,1909f56bfc062723c751e8b465ee728b)
Start importing Assets/New Terrain.asset using Guid(a6429c296b6cedc4aaeef232a0c9237a) Importer(815301076,1909f56bfc062723c751e8b465ee728b)  -> (artifact id: '642e9e42f09b743c9ab9585c4e55f319') in 0.034774 seconds
Number of updated asset objects reloaded before import = 0
Number of asset objects unloaded after import = 3
========================================================================
Received Import Request.
  Time since last request: 15.422349 seconds.
  path: Assets/Materials/New Physic Material.physicMaterial
  artifactKey: Guid(9265653cf31969b489f91b9d4032776f) Importer(815301076,1909f56bfc062723c751e8b465ee728b)
Start importing Assets/Materials/New Physic Material.physicMaterial using Guid(9265653cf31969b489f91b9d4032776f) Importer(815301076,1909f56bfc062723c751e8b465ee728b)  -> (artifact id: '3e5f17fce2cc2b356021e36ceeba492d') in 0.000961 seconds
Number of updated asset objects reloaded before import = 0
Number of asset objects unloaded after import = 1
========================================================================
Received Import Request.
  Time since last request: 0.000917 seconds.
  path: Assets/Materials/Stylized_Sand_002_ambientOcclusion.png
  artifactKey: Guid(fd415f05beacbdb4a97ce753fc48dc46) Importer(815301076,1909f56bfc062723c751e8b465ee728b)
Start importing Assets/Materials/Stylized_Sand_002_ambientOcclusion.png using Guid(fd415f05beacbdb4a97ce753fc48dc46) Importer(815301076,1909f56bfc062723c751e8b465ee728b)  -> (artifact id: '66954800f875e3537c5d923b0ad90505') in 0.026779 seconds
Number of updated asset objects reloaded before import = 0
Number of asset objects unloaded after import = 2
========================================================================
Received Import Request.
  Time since last request: 0.000030 seconds.
  path: Assets/Materials/Stylized_Sand_002_height.png
  artifactKey: Guid(b2ef662bb484db34fbfa8a784ba20e9e) Importer(815301076,1909f56bfc062723c751e8b465ee728b)
Start importing Assets/Materials/Stylized_Sand_002_height.png using Guid(b2ef662bb484db34fbfa8a784ba20e9e) Importer(815301076,1909f56bfc062723c751e8b465ee728b)  -> (artifact id: 'a66a1c954a903feb11cb5c2ace494987') in 0.021696 seconds
Number of updated asset objects reloaded before import = 0
Number of asset objects unloaded after import = 2
========================================================================
Received Import Request.
  Time since last request: 0.000018 seconds.
  path: Assets/Materials/Stylized_Sand_002_roughness.png
  artifactKey: Guid(550d1ca007d0fb84e879562960273e73) Importer(815301076,1909f56bfc062723c751e8b465ee728b)
Start importing Assets/Materials/Stylized_Sand_002_roughness.png using Guid(550d1ca007d0fb84e879562960273e73) Importer(815301076,1909f56bfc062723c751e8b465ee728b)  -> (artifact id: 'f97ee36c49702fa1169e9260164bb519') in 0.030003 seconds
Number of updated asset objects reloaded before import = 0
Number of asset objects unloaded after import = 2
========================================================================
Received Import Request.
  Time since last request: 0.000015 seconds.
  path: Assets/Materials/Stylized_Sand_002_basecolor.png
  artifactKey: Guid(770a01339da65fa408b6a17371acf07d) Importer(815301076,1909f56bfc062723c751e8b465ee728b)
Start importing Assets/Materials/Stylized_Sand_002_basecolor.png using Guid(770a01339da65fa408b6a17371acf07d) Importer(815301076,1909f56bfc062723c751e8b465ee728b)  -> (artifact id: '1e422f8bcd45d2c5645004f1ceea3b92') in 0.021698 seconds
Number of updated asset objects reloaded before import = 0
Number of asset objects unloaded after import = 2
========================================================================
Received Import Request.
  Time since last request: 52.280040 seconds.
  path: Assets/Prefabs/GridIntersect.prefab
  artifactKey: Guid(9f569ff7bd3d5c5459abcc57a61a3878) Importer(815301076,1909f56bfc062723c751e8b465ee728b)
Start importing Assets/Prefabs/GridIntersect.prefab using Guid(9f569ff7bd3d5c5459abcc57a61a3878) Importer(815301076,1909f56bfc062723c751e8b465ee728b)  -> (artifact id: '94439dd5ee572fde350e19894a81ac08') in 0.106914 seconds
Number of updated asset objects reloaded before import = 0
Number of asset objects unloaded after import = 10
========================================================================
Received Import Request.
  Time since last request: 12.135793 seconds.
  path: Assets/3D Models/Missile/MissileMat.mat
  artifactKey: Guid(531c090e8a8f1c946a65e7af8bb0a943) Importer(815301076,1909f56bfc062723c751e8b465ee728b)
Start importing Assets/3D Models/Missile/MissileMat.mat using Guid(531c090e8a8f1c946a65e7af8bb0a943) Importer(815301076,1909f56bfc062723c751e8b465ee728b)  -> (artifact id: 'a2ed45b711e83ff25bd3a1536435955a') in 0.030289 seconds
Number of updated asset objects reloaded before import = 0
Number of asset objects unloaded after import = 2
========================================================================
Received Import Request.
  Time since last request: 2.296293 seconds.
  path: Assets/3D Models/Radar/1S12 Long Track acquisition radar/1-130ZQ13R94C.jpg
  artifactKey: Guid(5d1c21ca8e17e43469481038c810fe4b) Importer(815301076,1909f56bfc062723c751e8b465ee728b)
Start importing Assets/3D Models/Radar/1S12 Long Track acquisition radar/1-130ZQ13R94C.jpg using Guid(5d1c21ca8e17e43469481038c810fe4b) Importer(815301076,1909f56bfc062723c751e8b465ee728b)  -> (artifact id: '6cee6afd07e181b780e0a9770013869f') in 0.032922 seconds
Number of updated asset objects reloaded before import = 0
Number of asset objects unloaded after import = 2
========================================================================
Received Import Request.
  Time since last request: 0.000031 seconds.
  path: Assets/3D Models/Radar/1S12 Long Track acquisition radar/2024-07-11_001101.jpg
  artifactKey: Guid(b21f4149409340d49ac80086048cf2c0) Importer(815301076,1909f56bfc062723c751e8b465ee728b)
Start importing Assets/3D Models/Radar/1S12 Long Track acquisition radar/2024-07-11_001101.jpg using Guid(b21f4149409340d49ac80086048cf2c0) Importer(815301076,1909f56bfc062723c751e8b465ee728b)  -> (artifact id: 'edd55e22e90a4a7151d29923dd89ed6c') in 0.019688 seconds
Number of updated asset objects reloaded before import = 0
Number of asset objects unloaded after import = 2
========================================================================
Received Import Request.
  Time since last request: 0.000020 seconds.
  path: Assets/3D Models/Radar/1S12 Long Track acquisition radar/m_mesh01.jpg
  artifactKey: Guid(fe4ec7d9e055c0545adafed9d069ffee) Importer(815301076,1909f56bfc062723c751e8b465ee728b)
Start importing Assets/3D Models/Radar/1S12 Long Track acquisition radar/m_mesh01.jpg using Guid(fe4ec7d9e055c0545adafed9d069ffee) Importer(815301076,1909f56bfc062723c751e8b465ee728b)  -> (artifact id: '9ce077f8e0a1fd70b68fc0ff30bc9f19') in 0.023266 seconds
Number of updated asset objects reloaded before import = 0
Number of asset objects unloaded after import = 2
========================================================================
Received Import Request.
  Time since last request: 0.000025 seconds.
  path: Assets/3D Models/Radar/1S12 Long Track acquisition radar/2022-10-12_195536.jpg
  artifactKey: Guid(f34e2299668cbd14faac3f6c42523495) Importer(815301076,1909f56bfc062723c751e8b465ee728b)
Start importing Assets/3D Models/Radar/1S12 Long Track acquisition radar/2022-10-12_195536.jpg using Guid(f34e2299668cbd14faac3f6c42523495) Importer(815301076,1909f56bfc062723c751e8b465ee728b)  -> (artifact id: '0ab675447d4bae1f24b2c7a94f5db3a3') in 0.019624 seconds
Number of updated asset objects reloaded before import = 0
Number of asset objects unloaded after import = 2
========================================================================
Received Import Request.
  Time since last request: 0.000013 seconds.
  path: Assets/3D Models/Radar/1S12 Long Track acquisition radar/3dtxt024.jpg
  artifactKey: Guid(b7664f5f7ad9534419c08b4880bc4533) Importer(815301076,1909f56bfc062723c751e8b465ee728b)
Start importing Assets/3D Models/Radar/1S12 Long Track acquisition radar/3dtxt024.jpg using Guid(b7664f5f7ad9534419c08b4880bc4533) Importer(815301076,1909f56bfc062723c751e8b465ee728b)  -> (artifact id: 'e1e36be67671043a2219def902edc924') in 0.019492 seconds
Number of updated asset objects reloaded before import = 0
Number of asset objects unloaded after import = 2
========================================================================
Received Import Request.
  Time since last request: 0.000015 seconds.
  path: Assets/3D Models/Radar/1S12 Long Track acquisition radar/2023-07-27_162823.jpg
  artifactKey: Guid(24f5790ffe0598f4b858dcc2b3b123a3) Importer(815301076,1909f56bfc062723c751e8b465ee728b)
Start importing Assets/3D Models/Radar/1S12 Long Track acquisition radar/2023-07-27_162823.jpg using Guid(24f5790ffe0598f4b858dcc2b3b123a3) Importer(815301076,1909f56bfc062723c751e8b465ee728b)  -> (artifact id: '605fe4605d96d404804d2eb1652562b8') in 0.019726 seconds
Number of updated asset objects reloaded before import = 0
Number of asset objects unloaded after import = 2
========================================================================
Received Import Request.
  Time since last request: 0.000012 seconds.
  path: Assets/3D Models/Radar/1S12 Long Track acquisition radar/Holzrisse.jpg
  artifactKey: Guid(4dbcb8794549e444db4f0fc6a189cc8b) Importer(815301076,1909f56bfc062723c751e8b465ee728b)
Start importing Assets/3D Models/Radar/1S12 Long Track acquisition radar/Holzrisse.jpg using Guid(4dbcb8794549e444db4f0fc6a189cc8b) Importer(815301076,1909f56bfc062723c751e8b465ee728b)  -> (artifact id: 'e5f1d9fc01246392b42b9d2c4d8a87b1') in 0.021787 seconds
Number of updated asset objects reloaded before import = 0
Number of asset objects unloaded after import = 2
========================================================================
Received Import Request.
  Time since last request: 0.000025 seconds.
  path: Assets/3D Models/Radar/1S12 Long Track acquisition radar/CorrodedSteel_BMP.jpg
  artifactKey: Guid(b2276fa0578054c41ac64aff478700f5) Importer(815301076,1909f56bfc062723c751e8b465ee728b)
Start importing Assets/3D Models/Radar/1S12 Long Track acquisition radar/CorrodedSteel_BMP.jpg using Guid(b2276fa0578054c41ac64aff478700f5) Importer(815301076,1909f56bfc062723c751e8b465ee728b)  -> (artifact id: '1677d849142604a132fce1a645fb8bed') in 0.021213 seconds
Number of updated asset objects reloaded before import = 0
Number of asset objects unloaded after import = 2
========================================================================
Received Import Request.
  Time since last request: 0.000012 seconds.
  path: Assets/3D Models/Radar/1S12 Long Track acquisition radar/2024-05-30_220458.jpg
  artifactKey: Guid(e4ff6912543aefb46b1ace637995f548) Importer(815301076,1909f56bfc062723c751e8b465ee728b)
Start importing Assets/3D Models/Radar/1S12 Long Track acquisition radar/2024-05-30_220458.jpg using Guid(e4ff6912543aefb46b1ace637995f548) Importer(815301076,1909f56bfc062723c751e8b465ee728b)  -> (artifact id: '6c97584ecfa9a42741c5015d0232b7ad') in 0.018719 seconds
Number of updated asset objects reloaded before import = 0
Number of asset objects unloaded after import = 2
========================================================================
Received Import Request.
  Time since last request: 0.000012 seconds.
  path: Assets/3D Models/Radar/1S12 Long Track acquisition radar/bitxt035.jpg
  artifactKey: Guid(aab61b2eff84bf848a2f530a4d6b3d8b) Importer(815301076,1909f56bfc062723c751e8b465ee728b)
Start importing Assets/3D Models/Radar/1S12 Long Track acquisition radar/bitxt035.jpg using Guid(aab61b2eff84bf848a2f530a4d6b3d8b) Importer(815301076,1909f56bfc062723c751e8b465ee728b)  -> (artifact id: 'febc0ed73c2c66ed6198a431387b1282') in 0.020165 seconds
Number of updated asset objects reloaded before import = 0
Number of asset objects unloaded after import = 2
========================================================================
Received Import Request.
  Time since last request: 0.000017 seconds.
  path: Assets/3D Models/Radar/1S12 Long Track acquisition radar/3dtxt027.jpg
  artifactKey: Guid(231b4d9fcb7913940b7a2ba176e8df5c) Importer(815301076,1909f56bfc062723c751e8b465ee728b)
Start importing Assets/3D Models/Radar/1S12 Long Track acquisition radar/3dtxt027.jpg using Guid(231b4d9fcb7913940b7a2ba176e8df5c) Importer(815301076,1909f56bfc062723c751e8b465ee728b)  -> (artifact id: 'a88c02d89af1ac5935d1e30b78c076a1') in 0.020348 seconds
Number of updated asset objects reloaded before import = 0
Number of asset objects unloaded after import = 2
========================================================================
Received Import Request.
  Time since last request: 0.000017 seconds.
  path: Assets/3D Models/Radar/1S12 Long Track acquisition radar/chestnut.jpg
  artifactKey: Guid(435fb48fc5ecc58448a6367285ef8bf0) Importer(815301076,1909f56bfc062723c751e8b465ee728b)
Start importing Assets/3D Models/Radar/1S12 Long Track acquisition radar/chestnut.jpg using Guid(435fb48fc5ecc58448a6367285ef8bf0) Importer(815301076,1909f56bfc062723c751e8b465ee728b)  -> (artifact id: '8d81761767d2dbeef65082aa5e8c7403') in 0.020007 seconds
Number of updated asset objects reloaded before import = 0
Number of asset objects unloaded after import = 2
Editor requested this worker to shutdown with reason: Scaling down because of idle timeout
TcpMessagingSession - receive error: operation aborted. errorcode: 995, details: 由于线程退出或应用程序请求，已中止 I/O 操作。
AssetImportWorker is now disconnected from the server
Process exiting
Exiting without the bug reporter. Application will terminate with return code 0